\BOOKMARK [1][-]{section*.8}{\376\377\000S\000e\000z\000n\000a\000m\000\040\000s\000y\000m\000b\000o\000l\001\157\000\040\000a\000\040\000z\000k\000r\000a\000t\000e\000k}{}
\BOOKMARK [1][-]{section.1}{\376\377\000\332\000v\000o\000d}{}
\BOOKMARK [1][-]{section.2}{\376\377\001\140\000\355\001\131\000e\000n\000\355\000\040\000v\000l\000n\000\040\000o\000\040\000v\000y\000s\000o\000k\000\351\000\040\000f\000r\000e\000k\000v\000e\000n\000c\000i}{}
\BOOKMARK [2][-]{subsection.2.1}{\376\377\000L\000e\000t\000\355\000\040\000s\000i\000\040\000t\000o\000\040\000s\000v\001\033\000t\000e\000m}{section.2}
\BOOKMARK [1][-]{section.3}{\376\377\000Z\000a\000t\000\355\000m\000\040\000m\000o\000j\000e\000\040\000p\000o\000k\000u\000s\000y}{}
\BOOKMARK [2][-]{subsection.3.1}{\376\377\000V\000k\000l\000\341\000d\000\341\000n\000\355\000\040\000o\000b\000r\000\341\000z\000k\001\157}{section.3}
\BOOKMARK [2][-]{subsection.3.2}{\376\377\000V\000k\000l\000\341\000d\000\341\000n\000\355\000\040\000t\000a\000b\000u\000l\000e\000k}{section.3}
\BOOKMARK [2][-]{subsection.3.3}{\376\377\000S\000a\000z\000b\000a\000\040\000r\000o\000v\000n\000i\000c}{section.3}
\BOOKMARK [2][-]{subsection.3.4}{\376\377\000O\000d\000r\000\341\001\176\000k\000y\000\040\000a\000\040\001\015\000\355\000s\000l\000o\000v\000\341\000n\000\355}{section.3}
\BOOKMARK [3][-]{subsubsection.3.4.1}{\376\377\000O\000d\000r\000\341\001\176\000k\000o\000v\000a\000n\000\375\000\040\000s\000e\000z\000n\000a\000m}{subsection.3.4}
\BOOKMARK [3][-]{subsubsection.3.4.2}{\376\377\001\014\000\355\000s\000l\000o\000v\000a\000n\000\375\000\040\000s\000e\000z\000n\000a\000m}{subsection.3.4}
\BOOKMARK [3][-]{subsubsection.3.4.3}{\376\377\000P\000o\000p\000i\000s\000n\000\351\000\040\000v\000\375\001\015\000t\000y\000\040\000\050\000p\000r\000o\000s\000t\001\131\000e\000d\000\355\000\040\000,\000,\000D\000e\000s\000c\000r\000i\000p\000t\000i\000o\000n\000'\000'\000\051}{subsection.3.4}
\BOOKMARK [3][-]{subsubsection.3.4.4}{\376\377\000O\000d\000s\000a\000z\000o\000v\000\341\000n\000\355\000\040\000-\000\040\000t\000a\000b\000u\000l\000\341\000t\000o\000r}{subsection.3.4}
\BOOKMARK [2][-]{subsection.3.5}{\376\377\000C\000i\000t\000a\000c\000e}{section.3}
\BOOKMARK [2][-]{subsection.3.6}{\376\377\000V\000e\000r\000b\000a\000t\000i\000m}{section.3}
\BOOKMARK [1][-]{section.4}{\376\377\000Z\000\341\000v\001\033\000r}{}
\BOOKMARK [1][-]{section*.14}{\376\377\000P\000o\000u\001\176\000i\000t\000\341\000\040\000l\000i\000t\000e\000r\000a\000t\000u\000r\000a}{}
\BOOKMARK [1][-]{section*.16}{\376\377\000S\000e\000z\000n\000a\000m\000\040\000o\000b\000r\000\341\000z\000k\001\157}{}
\BOOKMARK [1][-]{section*.18}{\376\377\000S\000e\000z\000n\000a\000m\000\040\000t\000a\000b\000u\000l\000e\000k}{}
\BOOKMARK [1][-]{section*.20}{\376\377\000P\001\131\000\355\000l\000o\000h\000y}{}
